# JRE version: Java(TM) SE Runtime Environment (7.0_51-b13) (build 1.7.0_51-b13)
# Java VM: Java HotSpot(TM) Client VM (24.51-b03 mixed mode windows-x86 )
Heap
 par new generation   total 118016K, used 4368K [0x04db0000, 0x0cdb0000, 0x0cdb0000)
  eden space 104960K,   0% used [0x04db0000, 0x04e8db18, 0x0b430000)
  from space 13056K,  26% used [0x0b430000, 0x0b7967c0, 0x0c0f0000)
  to   space 13056K,   0% used [0x0c0f0000, 0x0c0f0000, 0x0cdb0000)
 concurrent mark-sweep generation total 917504K, used 121209K [0x0cdb0000, 0x44db0000, 0x44db0000)
 concurrent-mark-sweep perm gen total 46668K, used 29230K [0x44db0000, 0x47b43000, 0x48db0000)
GC Heap History (10 events):
Event: 244.447 GC heap before
{Heap before GC invocations=48 (full 18):
 par new generation   total 118016K, used 111149K [0x04db0000, 0x0cdb0000, 0x0cdb0000)
  eden space 104960K, 100% used [0x04db0000, 0x0b430000, 0x0b430000)
  from space 13056K,  47% used [0x0b430000, 0x0ba3b460, 0x0c0f0000)
  to   space 13056K,   0% used [0x0c0f0000, 0x0c0f0000, 0x0cdb0000)
 concurrent mark-sweep generation total 917504K, used 115724K [0x0cdb0000, 0x44db0000, 0x44db0000)
 concurrent-mark-sweep perm gen total 46668K, used 29230K [0x44db0000, 0x47b43000, 0x48db0000)
Event: 244.486 GC heap after
Heap after GC invocations=49 (full 18):
 par new generation   total 118016K, used 7564K [0x04db0000, 0x0cdb0000, 0x0cdb0000)
  eden space 104960K,   0% used [0x04db0000, 0x04db0000, 0x0b430000)
  from space 13056K,  57% used [0x0c0f0000, 0x0c853030, 0x0cdb0000)
  to   space 13056K,   0% used [0x0b430000, 0x0b430000, 0x0c0f0000)
 concurrent mark-sweep generation total 917504K, used 116496K [0x0cdb0000, 0x44db0000, 0x44db0000)
 concurrent-mark-sweep perm gen total 46668K, used 29230K [0x44db0000, 0x47b43000, 0x48db0000)
}
Event: 247.500 GC heap before
{Heap before GC invocations=49 (full 18):
 par new generation   total 118016K, used 109039K [0x04db0000, 0x0cdb0000, 0x0cdb0000)
  eden space 104960K,  96% used [0x04db0000, 0x0b0c8f98, 0x0b430000)
  from space 13056K,  57% used [0x0c0f0000, 0x0c853030, 0x0cdb0000)
  to   space 13056K,   0% used [0x0b430000, 0x0b430000, 0x0c0f0000)
 concurrent mark-sweep generation total 917504K, used 116496K [0x0cdb0000, 0x44db0000, 0x44db0000)
 concurrent-mark-sweep perm gen total 46668K, used 29230K [0x44db0000, 0x47b43000, 0x48db0000)
Event: 247.539 GC heap after
Heap after GC invocations=50 (full 18):
 par new generation   total 118016K, used 10466K [0x04db0000, 0x0cdb0000, 0x0cdb0000)
  eden space 104960K,   0% used [0x04db0000, 0x04db0000, 0x0b430000)
  from space 13056K,  80% used [0x0b430000, 0x0be68840, 0x0c0f0000)
  to   space 13056K,   0% used [0x0c0f0000, 0x0c0f0000, 0x0cdb0000)
 concurrent mark-sweep generation total 917504K, used 117438K [0x0cdb0000, 0x44db0000, 0x44db0000)
 concurrent-mark-sweep perm gen total 46668K, used 29230K [0x44db0000, 0x47b43000, 0x48db0000)
}
Event: 247.883 GC heap before
{Heap before GC invocations=50 (full 18):
 par new generation   total 118016K, used 111375K [0x04db0000, 0x0cdb0000, 0x0cdb0000)
  eden space 104960K,  96% used [0x04db0000, 0x0b03b4f0, 0x0b430000)
  from space 13056K,  80% used [0x0b430000, 0x0be68840, 0x0c0f0000)
  to   space 13056K,   0% used [0x0c0f0000, 0x0c0f0000, 0x0cdb0000)
 concurrent mark-sweep generation total 917504K, used 117438K [0x0cdb0000, 0x44db0000, 0x44db0000)
 concurrent-mark-sweep perm gen total 46668K, used 29230K [0x44db0000, 0x47b43000, 0x48db0000)
Event: 247.919 GC heap after
Heap after GC invocations=51 (full 18):
 par new generation   total 118016K, used 6699K [0x04db0000, 0x0cdb0000, 0x0cdb0000)
  eden space 104960K,   0% used [0x04db0000, 0x04db0000, 0x0b430000)
  from space 13056K,  51% used [0x0c0f0000, 0x0c77ad00, 0x0cdb0000)
  to   space 13056K,   0% used [0x0b430000, 0x0b430000, 0x0c0f0000)
 concurrent mark-sweep generation total 917504K, used 119065K [0x0cdb0000, 0x44db0000, 0x44db0000)
 concurrent-mark-sweep perm gen total 46668K, used 29230K [0x44db0000, 0x47b43000, 0x48db0000)
}
Event: 249.036 GC heap before
{Heap before GC invocations=51 (full 18):
 par new generation   total 118016K, used 98157K [0x04db0000, 0x0cdb0000, 0x0cdb0000)
  eden space 104960K,  87% used [0x04db0000, 0x0a700a70, 0x0b430000)
  from space 13056K,  51% used [0x0c0f0000, 0x0c77ad00, 0x0cdb0000)
  to   space 13056K,   0% used [0x0b430000, 0x0b430000, 0x0c0f0000)
 concurrent mark-sweep generation total 917504K, used 119065K [0x0cdb0000, 0x44db0000, 0x44db0000)
 concurrent-mark-sweep perm gen total 46668K, used 29230K [0x44db0000, 0x47b43000, 0x48db0000)
Event: 249.071 GC heap after
Heap after GC invocations=52 (full 18):
 par new generation   total 118016K, used 10398K [0x04db0000, 0x0cdb0000, 0x0cdb0000)
  eden space 104960K,   0% used [0x04db0000, 0x04db0000, 0x0b430000)
  from space 13056K,  79% used [0x0b430000, 0x0be57b78, 0x0c0f0000)
  to   space 13056K,   0% used [0x0c0f0000, 0x0c0f0000, 0x0cdb0000)
 concurrent mark-sweep generation total 917504K, used 119065K [0x0cdb0000, 0x44db0000, 0x44db0000)
 concurrent-mark-sweep perm gen total 46668K, used 29230K [0x44db0000, 0x47b43000, 0x48db0000)
}
Event: 249.476 GC heap before
{Heap before GC invocations=52 (full 18):
 par new generation   total 118016K, used 111569K [0x04db0000, 0x0cdb0000, 0x0cdb0000)
  eden space 104960K,  96% used [0x04db0000, 0x0b07c968, 0x0b430000)
  from space 13056K,  79% used [0x0b430000, 0x0be57b78, 0x0c0f0000)
  to   space 13056K,   0% used [0x0c0f0000, 0x0c0f0000, 0x0cdb0000)
 concurrent mark-sweep generation total 917504K, used 119065K [0x0cdb0000, 0x44db0000, 0x44db0000)
 concurrent-mark-sweep perm gen total 46668K, used 29230K [0x44db0000, 0x47b43000, 0x48db0000)
Event: 249.514 GC heap after
Heap after GC invocations=53 (full 18):
 par new generation   total 118016K, used 6399K [0x04db0000, 0x0cdb0000, 0x0cdb0000)
  eden space 104960K,   0% used [0x04db0000, 0x04db0000, 0x0b430000)
  from space 13056K,  49% used [0x0c0f0000, 0x0c72fd20, 0x0cdb0000)
  to   space 13056K,   0% used [0x0b430000, 0x0b430000, 0x0c0f0000)
 concurrent mark-sweep generation total 917504K, used 121209K [0x0cdb0000, 0x44db0000, 0x44db0000)
 concurrent-mark-sweep perm gen total 46668K, used 29230K [0x44db0000, 0x47b43000, 0x48db0000)
}

