# JRE version: Java(TM) SE Runtime Environment (7.0_51-b13) (build 1.7.0_51-b13)
# Java VM: Java HotSpot(TM) Client VM (24.51-b03 mixed mode windows-x86 )
Heap
 par new generation   total 118016K, used 109033K [0x04b40000, 0x0cb40000, 0x0cb40000)
  eden space 104960K,  96% used [0x04b40000, 0x0ae57b20, 0x0b1c0000)
  from space 13056K,  57% used [0x0b1c0000, 0x0b922938, 0x0be80000)
  to   space 13056K,   0% used [0x0be80000, 0x0be80000, 0x0cb40000)
 concurrent mark-sweep generation total 917504K, used 70839K [0x0cb40000, 0x44b40000, 0x44b40000)
 concurrent-mark-sweep perm gen total 36808K, used 22391K [0x44b40000, 0x46f32000, 0x48b40000)
GC Heap History (10 events):
Event: 91.002 GC heap before
{Heap before GC invocations=14 (full 9):
 par new generation   total 118016K, used 118016K [0x04b40000, 0x0cb40000, 0x0cb40000)
  eden space 104960K, 100% used [0x04b40000, 0x0b1c0000, 0x0b1c0000)
  from space 13056K, 100% used [0x0be80000, 0x0cb40000, 0x0cb40000)
  to   space 13056K,   0% used [0x0b1c0000, 0x0b1c0000, 0x0be80000)
 concurrent mark-sweep generation total 917504K, used 99257K [0x0cb40000, 0x44b40000, 0x44b40000)
 concurrent-mark-sweep perm gen total 29808K, used 18163K [0x44b40000, 0x4685c000, 0x48b40000)
Event: 91.088 GC heap after
Heap after GC invocations=15 (full 9):
 par new generation   total 118016K, used 13056K [0x04b40000, 0x0cb40000, 0x0cb40000)
  eden space 104960K,   0% used [0x04b40000, 0x04b40000, 0x0b1c0000)
  from space 13056K, 100% used [0x0b1c0000, 0x0be80000, 0x0be80000)
  to   space 13056K,   0% used [0x0be80000, 0x0be80000, 0x0cb40000)
 concurrent mark-sweep generation total 917504K, used 102911K [0x0cb40000, 0x44b40000, 0x44b40000)
 concurrent-mark-sweep perm gen total 29808K, used 18163K [0x44b40000, 0x4685c000, 0x48b40000)
}
Event: 94.089 GC heap before
{Heap before GC invocations=15 (full 9):
 par new generation   total 118016K, used 118016K [0x04b40000, 0x0cb40000, 0x0cb40000)
  eden space 104960K, 100% used [0x04b40000, 0x0b1c0000, 0x0b1c0000)
  from space 13056K, 100% used [0x0b1c0000, 0x0be80000, 0x0be80000)
  to   space 13056K,   0% used [0x0be80000, 0x0be80000, 0x0cb40000)
 concurrent mark-sweep generation total 917504K, used 102802K [0x0cb40000, 0x44b40000, 0x44b40000)
 concurrent-mark-sweep perm gen total 29808K, used 18879K [0x44b40000, 0x4685c000, 0x48b40000)
Event: 94.183 GC heap after
Heap after GC invocations=16 (full 9):
 par new generation   total 118016K, used 5521K [0x04b40000, 0x0cb40000, 0x0cb40000)
  eden space 104960K,   0% used [0x04b40000, 0x04b40000, 0x0b1c0000)
  from space 13056K,  42% used [0x0be80000, 0x0c3e4518, 0x0cb40000)
  to   space 13056K,   0% used [0x0b1c0000, 0x0b1c0000, 0x0be80000)
 concurrent mark-sweep generation total 917504K, used 107514K [0x0cb40000, 0x44b40000, 0x44b40000)
 concurrent-mark-sweep perm gen total 29808K, used 18879K [0x44b40000, 0x4685c000, 0x48b40000)
}
Event: 98.184 GC heap before
{Heap before GC invocations=16 (full 9):
 par new generation   total 118016K, used 110481K [0x04b40000, 0x0cb40000, 0x0cb40000)
  eden space 104960K, 100% used [0x04b40000, 0x0b1c0000, 0x0b1c0000)
  from space 13056K,  42% used [0x0be80000, 0x0c3e4518, 0x0cb40000)
  to   space 13056K,   0% used [0x0b1c0000, 0x0b1c0000, 0x0be80000)
 concurrent mark-sweep generation total 917504K, used 79846K [0x0cb40000, 0x44b40000, 0x44b40000)
 concurrent-mark-sweep perm gen total 31960K, used 19356K [0x44b40000, 0x46a76000, 0x48b40000)
Event: 98.224 GC heap after
Heap after GC invocations=17 (full 9):
 par new generation   total 118016K, used 8644K [0x04b40000, 0x0cb40000, 0x0cb40000)
  eden space 104960K,   0% used [0x04b40000, 0x04b40000, 0x0b1c0000)
  from space 13056K,  66% used [0x0b1c0000, 0x0ba313c8, 0x0be80000)
  to   space 13056K,   0% used [0x0be80000, 0x0be80000, 0x0cb40000)
 concurrent mark-sweep generation total 917504K, used 79846K [0x0cb40000, 0x44b40000, 0x44b40000)
 concurrent-mark-sweep perm gen total 31960K, used 19356K [0x44b40000, 0x46a76000, 0x48b40000)
}
Event: 102.472 GC heap before
{Heap before GC invocations=17 (full 10):
 par new generation   total 118016K, used 113604K [0x04b40000, 0x0cb40000, 0x0cb40000)
  eden space 104960K, 100% used [0x04b40000, 0x0b1c0000, 0x0b1c0000)
  from space 13056K,  66% used [0x0b1c0000, 0x0ba313c8, 0x0be80000)
  to   space 13056K,   0% used [0x0be80000, 0x0be80000, 0x0cb40000)
 concurrent mark-sweep generation total 917504K, used 79846K [0x0cb40000, 0x44b40000, 0x44b40000)
 concurrent-mark-sweep perm gen total 31960K, used 21295K [0x44b40000, 0x46a76000, 0x48b40000)
Event: 102.551 GC heap after
Heap after GC invocations=18 (full 10):
 par new generation   total 118016K, used 11383K [0x04b40000, 0x0cb40000, 0x0cb40000)
  eden space 104960K,   0% used [0x04b40000, 0x04b40000, 0x0b1c0000)
  from space 13056K,  87% used [0x0be80000, 0x0c99dd10, 0x0cb40000)
  to   space 13056K,   0% used [0x0b1c0000, 0x0b1c0000, 0x0be80000)
 concurrent mark-sweep generation total 917504K, used 81555K [0x0cb40000, 0x44b40000, 0x44b40000)
 concurrent-mark-sweep perm gen total 31960K, used 21295K [0x44b40000, 0x46a76000, 0x48b40000)
}
Event: 107.235 GC heap before
{Heap before GC invocations=18 (full 10):
 par new generation   total 118016K, used 116343K [0x04b40000, 0x0cb40000, 0x0cb40000)
  eden space 104960K, 100% used [0x04b40000, 0x0b1c0000, 0x0b1c0000)
  from space 13056K,  87% used [0x0be80000, 0x0c99dd10, 0x0cb40000)
  to   space 13056K,   0% used [0x0b1c0000, 0x0b1c0000, 0x0be80000)
 concurrent mark-sweep generation total 917504K, used 81555K [0x0cb40000, 0x44b40000, 0x44b40000)
 concurrent-mark-sweep perm gen total 31960K, used 21856K [0x44b40000, 0x46a76000, 0x48b40000)
Event: 107.302 GC heap after
Heap after GC invocations=19 (full 10):
 par new generation   total 118016K, used 7562K [0x04b40000, 0x0cb40000, 0x0cb40000)
  eden space 104960K,   0% used [0x04b40000, 0x04b40000, 0x0b1c0000)
  from space 13056K,  57% used [0x0b1c0000, 0x0b922938, 0x0be80000)
  to   space 13056K,   0% used [0x0be80000, 0x0be80000, 0x0cb40000)
 concurrent mark-sweep generation total 917504K, used 85519K [0x0cb40000, 0x44b40000, 0x44b40000)
 concurrent-mark-sweep perm gen total 31960K, used 21856K [0x44b40000, 0x46a76000, 0x48b40000)
}

